<?xml version="1.0" encoding="UTF-8"?>
<coverage generated="1626880167">
  <project timestamp="1626880167">
    <file name="/srv/api/src/Controller/UserController.php">
      <class name="App\Controller\UserController" namespace="global">
        <metrics complexity="2" methods="2" coveredmethods="0" conditionals="0" coveredconditionals="0" statements="2" coveredstatements="0" elements="4" coveredelements="0"/>
      </class>
      <line num="24" type="method" name="login" visibility="public" complexity="1" crap="2" count="0"/>
      <line num="26" type="stmt" count="0"/>
      <line num="33" type="method" name="logout" visibility="public" complexity="1" crap="2" count="0"/>
      <line num="35" type="stmt" count="0"/>
      <metrics loc="37" ncloc="25" classes="1" methods="2" coveredmethods="0" conditionals="0" coveredconditionals="0" statements="2" coveredstatements="0" elements="4" coveredelements="0"/>
    </file>
    <file name="/srv/api/src/DataFixtures/AppFixtures.php">
      <class name="App\DataFixtures\AppFixtures" namespace="global">
        <metrics complexity="3" methods="2" coveredmethods="0" conditionals="0" coveredconditionals="0" statements="6" coveredstatements="0" elements="8" coveredelements="0"/>
      </class>
      <line num="15" type="method" name="__construct" visibility="public" complexity="1" crap="2" count="0"/>
      <line num="17" type="stmt" count="0"/>
      <line num="18" type="stmt" count="0"/>
      <line num="19" type="stmt" count="0"/>
      <line num="21" type="method" name="load" visibility="public" complexity="2" crap="6" count="0"/>
      <line num="24" type="stmt" count="0"/>
      <line num="25" type="stmt" count="0"/>
      <line num="27" type="stmt" count="0"/>
      <metrics loc="28" ncloc="27" classes="1" methods="2" coveredmethods="0" conditionals="0" coveredconditionals="0" statements="6" coveredstatements="0" elements="8" coveredelements="0"/>
    </file>
    <file name="/srv/api/src/Entity/VerwerkingsActie.php">
      <class name="App\Entity\VerwerkingsActie" namespace="global">
        <metrics complexity="51" methods="48" coveredmethods="0" conditionals="0" coveredconditionals="0" statements="77" coveredstatements="0" elements="125" coveredelements="0"/>
      </class>
      <line num="341" type="method" name="__construct" visibility="public" complexity="1" crap="2" count="0"/>
      <line num="343" type="stmt" count="0"/>
      <line num="344" type="stmt" count="0"/>
      <line num="346" type="method" name="getId" visibility="public" complexity="1" crap="2" count="0"/>
      <line num="348" type="stmt" count="0"/>
      <line num="351" type="method" name="setId" visibility="public" complexity="1" crap="2" count="0"/>
      <line num="353" type="stmt" count="0"/>
      <line num="355" type="stmt" count="0"/>
      <line num="358" type="method" name="getActieNaam" visibility="public" complexity="1" crap="2" count="0"/>
      <line num="360" type="stmt" count="0"/>
      <line num="363" type="method" name="setActieNaam" visibility="public" complexity="1" crap="2" count="0"/>
      <line num="365" type="stmt" count="0"/>
      <line num="367" type="stmt" count="0"/>
      <line num="370" type="method" name="getHandelingsNaam" visibility="public" complexity="1" crap="2" count="0"/>
      <line num="372" type="stmt" count="0"/>
      <line num="375" type="method" name="setHandelingsNaam" visibility="public" complexity="1" crap="2" count="0"/>
      <line num="377" type="stmt" count="0"/>
      <line num="379" type="stmt" count="0"/>
      <line num="382" type="method" name="getVerwerkingsNaam" visibility="public" complexity="1" crap="2" count="0"/>
      <line num="384" type="stmt" count="0"/>
      <line num="387" type="method" name="setVerwerkingsNaam" visibility="public" complexity="1" crap="2" count="0"/>
      <line num="389" type="stmt" count="0"/>
      <line num="391" type="stmt" count="0"/>
      <line num="394" type="method" name="getVerwerkingId" visibility="public" complexity="1" crap="2" count="0"/>
      <line num="396" type="stmt" count="0"/>
      <line num="399" type="method" name="setVerwerkingId" visibility="public" complexity="1" crap="2" count="0"/>
      <line num="401" type="stmt" count="0"/>
      <line num="403" type="stmt" count="0"/>
      <line num="406" type="method" name="getVerwerkingsactiviteitId" visibility="public" complexity="1" crap="2" count="0"/>
      <line num="408" type="stmt" count="0"/>
      <line num="411" type="method" name="setVerwerkingsactiviteitId" visibility="public" complexity="1" crap="2" count="0"/>
      <line num="413" type="stmt" count="0"/>
      <line num="415" type="stmt" count="0"/>
      <line num="418" type="method" name="getVerwerkingsactiviteitUrl" visibility="public" complexity="1" crap="2" count="0"/>
      <line num="420" type="stmt" count="0"/>
      <line num="423" type="method" name="setVerwerkingsactiviteitUrl" visibility="public" complexity="1" crap="2" count="0"/>
      <line num="425" type="stmt" count="0"/>
      <line num="427" type="stmt" count="0"/>
      <line num="430" type="method" name="getVertrouwelijkheid" visibility="public" complexity="1" crap="2" count="0"/>
      <line num="432" type="stmt" count="0"/>
      <line num="435" type="method" name="setVertrouwelijkheid" visibility="public" complexity="1" crap="2" count="0"/>
      <line num="437" type="stmt" count="0"/>
      <line num="439" type="stmt" count="0"/>
      <line num="442" type="method" name="getBewaartermijn" visibility="public" complexity="1" crap="2" count="0"/>
      <line num="444" type="stmt" count="0"/>
      <line num="447" type="method" name="setBewaartermijn" visibility="public" complexity="1" crap="2" count="0"/>
      <line num="449" type="stmt" count="0"/>
      <line num="451" type="stmt" count="0"/>
      <line num="454" type="method" name="getUitvoerder" visibility="public" complexity="1" crap="2" count="0"/>
      <line num="456" type="stmt" count="0"/>
      <line num="459" type="method" name="setUitvoerder" visibility="public" complexity="1" crap="2" count="0"/>
      <line num="461" type="stmt" count="0"/>
      <line num="463" type="stmt" count="0"/>
      <line num="466" type="method" name="getSysteem" visibility="public" complexity="1" crap="2" count="0"/>
      <line num="468" type="stmt" count="0"/>
      <line num="471" type="method" name="setSysteem" visibility="public" complexity="1" crap="2" count="0"/>
      <line num="473" type="stmt" count="0"/>
      <line num="475" type="stmt" count="0"/>
      <line num="478" type="method" name="getGebruiker" visibility="public" complexity="1" crap="2" count="0"/>
      <line num="480" type="stmt" count="0"/>
      <line num="483" type="method" name="setGebruiker" visibility="public" complexity="1" crap="2" count="0"/>
      <line num="485" type="stmt" count="0"/>
      <line num="487" type="stmt" count="0"/>
      <line num="490" type="method" name="getGegevensbron" visibility="public" complexity="1" crap="2" count="0"/>
      <line num="492" type="stmt" count="0"/>
      <line num="495" type="method" name="setGegevensbron" visibility="public" complexity="1" crap="2" count="0"/>
      <line num="497" type="stmt" count="0"/>
      <line num="499" type="stmt" count="0"/>
      <line num="502" type="method" name="getSoortAfnemerId" visibility="public" complexity="1" crap="2" count="0"/>
      <line num="504" type="stmt" count="0"/>
      <line num="507" type="method" name="setSoortAfnemerId" visibility="public" complexity="1" crap="2" count="0"/>
      <line num="509" type="stmt" count="0"/>
      <line num="511" type="stmt" count="0"/>
      <line num="514" type="method" name="getAfnemerId" visibility="public" complexity="1" crap="2" count="0"/>
      <line num="516" type="stmt" count="0"/>
      <line num="519" type="method" name="setAfnemerId" visibility="public" complexity="1" crap="2" count="0"/>
      <line num="521" type="stmt" count="0"/>
      <line num="523" type="stmt" count="0"/>
      <line num="526" type="method" name="getVerwerkingsactiviteitIdAfnemer" visibility="public" complexity="1" crap="2" count="0"/>
      <line num="528" type="stmt" count="0"/>
      <line num="531" type="method" name="setVerwerkingsactiviteitIdAfnemer" visibility="public" complexity="1" crap="2" count="0"/>
      <line num="533" type="stmt" count="0"/>
      <line num="535" type="stmt" count="0"/>
      <line num="538" type="method" name="getVerwerkingsactiviteitUrlAfnemer" visibility="public" complexity="1" crap="2" count="0"/>
      <line num="540" type="stmt" count="0"/>
      <line num="543" type="method" name="setVerwerkingsactiviteitUrlAfnemer" visibility="public" complexity="1" crap="2" count="0"/>
      <line num="545" type="stmt" count="0"/>
      <line num="547" type="stmt" count="0"/>
      <line num="550" type="method" name="getVerwerkingIdAfnemer" visibility="public" complexity="1" crap="2" count="0"/>
      <line num="552" type="stmt" count="0"/>
      <line num="555" type="method" name="setVerwerkingIdAfnemer" visibility="public" complexity="1" crap="2" count="0"/>
      <line num="557" type="stmt" count="0"/>
      <line num="559" type="stmt" count="0"/>
      <line num="562" type="method" name="getTijdstip" visibility="public" complexity="1" crap="2" count="0"/>
      <line num="564" type="stmt" count="0"/>
      <line num="567" type="method" name="setTijdstip" visibility="public" complexity="1" crap="2" count="0"/>
      <line num="569" type="stmt" count="0"/>
      <line num="571" type="stmt" count="0"/>
      <line num="574" type="method" name="getTijdstipRegistratie" visibility="public" complexity="1" crap="2" count="0"/>
      <line num="576" type="stmt" count="0"/>
      <line num="579" type="method" name="setTijdstipRegistratie" visibility="public" complexity="1" crap="2" count="0"/>
      <line num="581" type="stmt" count="0"/>
      <line num="583" type="stmt" count="0"/>
      <line num="586" type="method" name="getDateCreated" visibility="public" complexity="1" crap="2" count="0"/>
      <line num="588" type="stmt" count="0"/>
      <line num="591" type="method" name="setDateCreated" visibility="public" complexity="1" crap="2" count="0"/>
      <line num="593" type="stmt" count="0"/>
      <line num="595" type="stmt" count="0"/>
      <line num="598" type="method" name="getDateModified" visibility="public" complexity="1" crap="2" count="0"/>
      <line num="600" type="stmt" count="0"/>
      <line num="603" type="method" name="setDateModified" visibility="public" complexity="1" crap="2" count="0"/>
      <line num="605" type="stmt" count="0"/>
      <line num="607" type="stmt" count="0"/>
      <line num="613" type="method" name="getVerwerkteObjecten" visibility="public" complexity="1" crap="2" count="0"/>
      <line num="615" type="stmt" count="0"/>
      <line num="618" type="method" name="addVerwerkteObjecten" visibility="public" complexity="2" crap="6" count="0"/>
      <line num="620" type="stmt" count="0"/>
      <line num="621" type="stmt" count="0"/>
      <line num="622" type="stmt" count="0"/>
      <line num="625" type="stmt" count="0"/>
      <line num="628" type="method" name="removeVerwerkteObjecten" visibility="public" complexity="3" crap="12" count="0"/>
      <line num="630" type="stmt" count="0"/>
      <line num="632" type="stmt" count="0"/>
      <line num="633" type="stmt" count="0"/>
      <line num="637" type="stmt" count="0"/>
      <metrics loc="639" ncloc="363" classes="1" methods="48" coveredmethods="0" conditionals="0" coveredconditionals="0" statements="77" coveredstatements="0" elements="125" coveredelements="0"/>
    </file>
    <file name="/srv/api/src/Entity/VerwerktObject.php">
      <class name="App\Entity\VerwerktObject" namespace="global">
        <metrics complexity="23" methods="20" coveredmethods="0" conditionals="0" coveredconditionals="0" statements="35" coveredstatements="0" elements="55" coveredelements="0"/>
      </class>
      <line num="154" type="method" name="__construct" visibility="public" complexity="1" crap="2" count="0"/>
      <line num="156" type="stmt" count="0"/>
      <line num="157" type="stmt" count="0"/>
      <line num="159" type="method" name="getId" visibility="public" complexity="1" crap="2" count="0"/>
      <line num="161" type="stmt" count="0"/>
      <line num="164" type="method" name="setId" visibility="public" complexity="1" crap="2" count="0"/>
      <line num="166" type="stmt" count="0"/>
      <line num="168" type="stmt" count="0"/>
      <line num="171" type="method" name="getObjectType" visibility="public" complexity="1" crap="2" count="0"/>
      <line num="173" type="stmt" count="0"/>
      <line num="176" type="method" name="setObjectType" visibility="public" complexity="1" crap="2" count="0"/>
      <line num="178" type="stmt" count="0"/>
      <line num="180" type="stmt" count="0"/>
      <line num="183" type="method" name="getSoortObjectId" visibility="public" complexity="1" crap="2" count="0"/>
      <line num="185" type="stmt" count="0"/>
      <line num="188" type="method" name="setSoortObjectId" visibility="public" complexity="1" crap="2" count="0"/>
      <line num="190" type="stmt" count="0"/>
      <line num="192" type="stmt" count="0"/>
      <line num="195" type="method" name="getObjectId" visibility="public" complexity="1" crap="2" count="0"/>
      <line num="197" type="stmt" count="0"/>
      <line num="200" type="method" name="setObjectId" visibility="public" complexity="1" crap="2" count="0"/>
      <line num="202" type="stmt" count="0"/>
      <line num="204" type="stmt" count="0"/>
      <line num="207" type="method" name="getBetrokkenheid" visibility="public" complexity="1" crap="2" count="0"/>
      <line num="209" type="stmt" count="0"/>
      <line num="212" type="method" name="setBetrokkenheid" visibility="public" complexity="1" crap="2" count="0"/>
      <line num="214" type="stmt" count="0"/>
      <line num="216" type="stmt" count="0"/>
      <line num="219" type="method" name="getDateCreated" visibility="public" complexity="1" crap="2" count="0"/>
      <line num="221" type="stmt" count="0"/>
      <line num="224" type="method" name="setDateCreated" visibility="public" complexity="1" crap="2" count="0"/>
      <line num="226" type="stmt" count="0"/>
      <line num="228" type="stmt" count="0"/>
      <line num="231" type="method" name="getDateModified" visibility="public" complexity="1" crap="2" count="0"/>
      <line num="233" type="stmt" count="0"/>
      <line num="236" type="method" name="setDateModified" visibility="public" complexity="1" crap="2" count="0"/>
      <line num="238" type="stmt" count="0"/>
      <line num="240" type="stmt" count="0"/>
      <line num="243" type="method" name="getVerwerkingsActie" visibility="public" complexity="1" crap="2" count="0"/>
      <line num="245" type="stmt" count="0"/>
      <line num="248" type="method" name="setVerwerkingsActie" visibility="public" complexity="1" crap="2" count="0"/>
      <line num="250" type="stmt" count="0"/>
      <line num="252" type="stmt" count="0"/>
      <line num="258" type="method" name="getVerwerkteSoortGegevens" visibility="public" complexity="1" crap="2" count="0"/>
      <line num="260" type="stmt" count="0"/>
      <line num="263" type="method" name="addVerwerkteSoortGegeven" visibility="public" complexity="2" crap="6" count="0"/>
      <line num="265" type="stmt" count="0"/>
      <line num="266" type="stmt" count="0"/>
      <line num="267" type="stmt" count="0"/>
      <line num="270" type="stmt" count="0"/>
      <line num="273" type="method" name="removeVerwerkteSoortGegeven" visibility="public" complexity="3" crap="12" count="0"/>
      <line num="275" type="stmt" count="0"/>
      <line num="277" type="stmt" count="0"/>
      <line num="278" type="stmt" count="0"/>
      <line num="282" type="stmt" count="0"/>
      <metrics loc="284" ncloc="167" classes="1" methods="20" coveredmethods="0" conditionals="0" coveredconditionals="0" statements="35" coveredstatements="0" elements="55" coveredelements="0"/>
    </file>
    <file name="/srv/api/src/Entity/VerwerktSoortGegeven.php">
      <class name="App\Entity\VerwerktSoortGegeven" namespace="global">
        <metrics complexity="10" methods="10" coveredmethods="0" conditionals="0" coveredconditionals="0" statements="15" coveredstatements="0" elements="25" coveredelements="0"/>
      </class>
      <line num="109" type="method" name="getId" visibility="public" complexity="1" crap="2" count="0"/>
      <line num="111" type="stmt" count="0"/>
      <line num="114" type="method" name="setId" visibility="public" complexity="1" crap="2" count="0"/>
      <line num="116" type="stmt" count="0"/>
      <line num="118" type="stmt" count="0"/>
      <line num="121" type="method" name="getSoortGegeven" visibility="public" complexity="1" crap="2" count="0"/>
      <line num="123" type="stmt" count="0"/>
      <line num="126" type="method" name="setSoortGegeven" visibility="public" complexity="1" crap="2" count="0"/>
      <line num="128" type="stmt" count="0"/>
      <line num="130" type="stmt" count="0"/>
      <line num="133" type="method" name="getDateCreated" visibility="public" complexity="1" crap="2" count="0"/>
      <line num="135" type="stmt" count="0"/>
      <line num="138" type="method" name="setDateCreated" visibility="public" complexity="1" crap="2" count="0"/>
      <line num="140" type="stmt" count="0"/>
      <line num="142" type="stmt" count="0"/>
      <line num="145" type="method" name="getDateModified" visibility="public" complexity="1" crap="2" count="0"/>
      <line num="147" type="stmt" count="0"/>
      <line num="150" type="method" name="setDateModified" visibility="public" complexity="1" crap="2" count="0"/>
      <line num="152" type="stmt" count="0"/>
      <line num="154" type="stmt" count="0"/>
      <line num="157" type="method" name="getVerwerktObject" visibility="public" complexity="1" crap="2" count="0"/>
      <line num="159" type="stmt" count="0"/>
      <line num="162" type="method" name="setVerwerktObject" visibility="public" complexity="1" crap="2" count="0"/>
      <line num="164" type="stmt" count="0"/>
      <line num="166" type="stmt" count="0"/>
      <metrics loc="168" ncloc="92" classes="1" methods="10" coveredmethods="0" conditionals="0" coveredconditionals="0" statements="15" coveredstatements="0" elements="25" coveredelements="0"/>
    </file>
    <file name="/srv/api/src/EventSubscriber/LocaleSubscriber.php">
      <class name="App\EventSubscriber\LocaleSubscriber" namespace="global">
        <metrics complexity="4" methods="3" coveredmethods="0" conditionals="0" coveredconditionals="0" statements="10" coveredstatements="0" elements="13" coveredelements="0"/>
      </class>
      <line num="15" type="method" name="__construct" visibility="public" complexity="1" crap="2" count="0"/>
      <line num="17" type="stmt" count="0"/>
      <line num="18" type="stmt" count="0"/>
      <line num="20" type="method" name="getSubscribedEvents" visibility="public" complexity="1" crap="2" count="0"/>
      <line num="24" type="stmt" count="0"/>
      <line num="28" type="method" name="onKernelRequest" visibility="public" complexity="2" crap="6" count="0"/>
      <line num="30" type="stmt" count="0"/>
      <line num="31" type="stmt" count="0"/>
      <line num="34" type="stmt" count="0"/>
      <line num="35" type="stmt" count="0"/>
      <line num="36" type="stmt" count="0"/>
      <line num="39" type="stmt" count="0"/>
      <line num="41" type="stmt" count="0"/>
      <metrics loc="42" ncloc="38" classes="1" methods="3" coveredmethods="0" conditionals="0" coveredconditionals="0" statements="10" coveredstatements="0" elements="13" coveredelements="0"/>
    </file>
    <file name="/srv/api/src/Kernel.php">
      <class name="App\Kernel" namespace="global">
        <metrics complexity="6" methods="4" coveredmethods="0" conditionals="0" coveredconditionals="0" statements="20" coveredstatements="0" elements="24" coveredelements="0"/>
      </class>
      <line num="18" type="method" name="registerBundles" visibility="public" complexity="3" crap="12" count="0"/>
      <line num="20" type="stmt" count="0"/>
      <line num="21" type="stmt" count="0"/>
      <line num="22" type="stmt" count="0"/>
      <line num="23" type="stmt" count="0"/>
      <line num="26" type="stmt" count="0"/>
      <line num="28" type="method" name="getProjectDir" visibility="public" complexity="1" crap="2" count="0"/>
      <line num="30" type="stmt" count="0"/>
      <line num="33" type="method" name="configureContainer" visibility="protected" complexity="1" crap="2" count="0"/>
      <line num="35" type="stmt" count="0"/>
      <line num="36" type="stmt" count="0"/>
      <line num="37" type="stmt" count="0"/>
      <line num="39" type="stmt" count="0"/>
      <line num="40" type="stmt" count="0"/>
      <line num="41" type="stmt" count="0"/>
      <line num="42" type="stmt" count="0"/>
      <line num="43" type="stmt" count="0"/>
      <line num="45" type="method" name="configureRoutes" visibility="protected" complexity="1" crap="2" count="0"/>
      <line num="47" type="stmt" count="0"/>
      <line num="49" type="stmt" count="0"/>
      <line num="50" type="stmt" count="0"/>
      <line num="51" type="stmt" count="0"/>
      <line num="52" type="stmt" count="0"/>
      <metrics loc="53" ncloc="53" classes="1" methods="4" coveredmethods="0" conditionals="0" coveredconditionals="0" statements="20" coveredstatements="0" elements="24" coveredelements="0"/>
    </file>
    <file name="/srv/api/src/Repository/VerwerkingsActieRepository.php">
      <class name="App\Repository\VerwerkingsActieRepository" namespace="global">
        <metrics complexity="1" methods="1" coveredmethods="0" conditionals="0" coveredconditionals="0" statements="2" coveredstatements="0" elements="3" coveredelements="0"/>
      </class>
      <line num="17" type="method" name="__construct" visibility="public" complexity="1" crap="2" count="0"/>
      <line num="19" type="stmt" count="0"/>
      <line num="20" type="stmt" count="0"/>
      <metrics loc="50" ncloc="17" classes="1" methods="1" coveredmethods="0" conditionals="0" coveredconditionals="0" statements="2" coveredstatements="0" elements="3" coveredelements="0"/>
    </file>
    <file name="/srv/api/src/Repository/VerwerktObjectRepository.php">
      <class name="App\Repository\VerwerktObjectRepository" namespace="global">
        <metrics complexity="1" methods="1" coveredmethods="0" conditionals="0" coveredconditionals="0" statements="2" coveredstatements="0" elements="3" coveredelements="0"/>
      </class>
      <line num="17" type="method" name="__construct" visibility="public" complexity="1" crap="2" count="0"/>
      <line num="19" type="stmt" count="0"/>
      <line num="20" type="stmt" count="0"/>
      <metrics loc="50" ncloc="17" classes="1" methods="1" coveredmethods="0" conditionals="0" coveredconditionals="0" statements="2" coveredstatements="0" elements="3" coveredelements="0"/>
    </file>
    <file name="/srv/api/src/Repository/VerwerktSoortGegevenRepository.php">
      <class name="App\Repository\VerwerktSoortGegevenRepository" namespace="global">
        <metrics complexity="1" methods="1" coveredmethods="0" conditionals="0" coveredconditionals="0" statements="2" coveredstatements="0" elements="3" coveredelements="0"/>
      </class>
      <line num="17" type="method" name="__construct" visibility="public" complexity="1" crap="2" count="0"/>
      <line num="19" type="stmt" count="0"/>
      <line num="20" type="stmt" count="0"/>
      <metrics loc="50" ncloc="17" classes="1" methods="1" coveredmethods="0" conditionals="0" coveredconditionals="0" statements="2" coveredstatements="0" elements="3" coveredelements="0"/>
    </file>
    <metrics files="10" loc="1401" ncloc="816" classes="10" methods="92" coveredmethods="0" conditionals="0" coveredconditionals="0" statements="171" coveredstatements="0" elements="263" coveredelements="0"/>
  </project>
</coverage>
